<?xml version="1.0" encoding="UTF-8"?>
<testng-results ignored="0" total="1" passed="1" failed="0" skipped="0">
  <reporter-output>
  </reporter-output>
  <suite started-at="2024-03-01T14:38:19 IST" name="Default suite" finished-at="2024-03-01T14:38:32 IST" duration-ms="12908">
    <groups>
    </groups>
    <test started-at="2024-03-01T14:38:19 IST" name="Default test" finished-at="2024-03-01T14:38:32 IST" duration-ms="12908">
      <class name="testClass.HomePageTest">
        <test-method is-config="true" signature="beforeSuite()[pri:0, instance:testClass.HomePageTest@2d52216b]" started-at="2024-03-01T14:38:19 IST" name="beforeSuite" finished-at="2024-03-01T14:38:19 IST" duration-ms="13" status="PASS">
          <reporter-output>
          </reporter-output>
        </test-method> <!-- beforeSuite -->
        <test-method is-config="true" signature="beforeMethod(org.testng.ITestResult)[pri:0, instance:testClass.HomePageTest@2d52216b]" started-at="2024-03-01T14:38:19 IST" name="beforeMethod" finished-at="2024-03-01T14:38:31 IST" duration-ms="12628" status="PASS">
          <params>
            <param index="0">
              <value>
                <![CDATA[[TestResult name={null} status=CREATED method=HomePageTest.loginTestMethod()[pri:0, instance:testClass.HomePageTest@2d52216b] output={null}]]]>
              </value>
            </param>
          </params>
          <reporter-output>
          </reporter-output>
        </test-method> <!-- beforeMethod -->
        <test-method signature="loginTestMethod()[pri:0, instance:testClass.HomePageTest@2d52216b]" started-at="2024-03-01T14:38:31 IST" name="loginTestMethod" finished-at="2024-03-01T14:38:31 IST" duration-ms="6" status="PASS">
          <reporter-output>
          </reporter-output>
        </test-method> <!-- loginTestMethod -->
        <test-method is-config="true" signature="tearDown(org.testng.ITestResult)[pri:0, instance:testClass.HomePageTest@2d52216b]" started-at="2024-03-01T14:38:31 IST" name="tearDown" finished-at="2024-03-01T14:38:32 IST" duration-ms="222" status="PASS">
          <params>
            <param index="0">
              <value>
                <![CDATA[[TestResult name=loginTestMethod status=SUCCESS method=HomePageTest.loginTestMethod()[pri:0, instance:testClass.HomePageTest@2d52216b] output={null}]]]>
              </value>
            </param>
          </params>
          <reporter-output>
          </reporter-output>
        </test-method> <!-- tearDown -->
        <test-method is-config="true" signature="afterSuite()[pri:0, instance:testClass.HomePageTest@2d52216b]" started-at="2024-03-01T14:38:37 IST" name="afterSuite" finished-at="2024-03-01T14:38:37 IST" duration-ms="1" status="PASS">
          <reporter-output>
          </reporter-output>
        </test-method> <!-- afterSuite -->
      </class> <!-- testClass.HomePageTest -->
    </test> <!-- Default test -->
  </suite> <!-- Default suite -->
</testng-results>
